2026-02-23 17:07:54 [WARNING]  - 6403
2026-02-23 17:07:54 [INFO]  - 9124
2026-02-23 17:07:54 [WARNING]  - 24662
2026-02-23 17:07:54 [CRITICAL]  - 25550
2026-02-23 17:07:54 [WARNING]  - 17675
2026-02-23 17:07:54 [INFO]  - 23275
2026-02-23 17:07:54 [DEBUG]  - 3461
2026-02-23 17:07:54 [INFO]  - 12050
2026-02-23 17:07:54 [INFO]  - 24279
2026-02-23 17:07:54 [CRITICAL]  - 15391
2026-02-23 17:07:54 [WARNING]  - 30993
2026-02-23 17:07:54 [ERROR] Segmentation fault - 2559
2026-02-23 17:07:54 [WARNING]  - 21949
2026-02-23 17:07:54 [CRITICAL]  - 12969
2026-02-23 17:07:54 [WARNING]  - 241
2026-02-23 17:07:54 [INFO]  - 10319
2026-02-23 17:07:54 [DEBUG]  - 26973
2026-02-23 17:07:54 [INFO]  - 19308
2026-02-23 17:07:54 [INFO]  - 18394
2026-02-23 17:07:54 [CRITICAL]  - 542
2026-02-23 17:07:54 [DEBUG]  - 28432
2026-02-23 17:07:54 [ERROR] Failed to connect - 2492
2026-02-23 17:07:54 [WARNING]  - 31988
2026-02-23 17:07:54 [CRITICAL]  - 13476
2026-02-23 17:07:54 [DEBUG]  - 786
2026-02-23 17:07:54 [DEBUG]  - 4406
2026-02-23 17:07:54 [ERROR] Disk full - 26377
2026-02-23 17:07:54 [CRITICAL]  - 14832
2026-02-23 17:07:54 [INFO]  - 17897
2026-02-23 17:07:54 [INFO]  - 29771
2026-02-23 17:07:54 [INFO]  - 15305
2026-02-23 17:07:54 [INFO]  - 4944
2026-02-23 17:07:54 [DEBUG]  - 12929
2026-02-23 17:07:54 [WARNING]  - 9730
2026-02-23 17:07:54 [CRITICAL]  - 33
2026-02-23 17:07:54 [CRITICAL]  - 21277
2026-02-23 17:07:54 [WARNING]  - 14828
2026-02-23 17:07:54 [WARNING]  - 469
2026-02-23 17:07:54 [CRITICAL]  - 4679
2026-02-23 17:07:54 [DEBUG]  - 17560
2026-02-23 17:07:54 [WARNING]  - 26422
2026-02-23 17:07:54 [WARNING]  - 15090
2026-02-23 17:07:54 [CRITICAL]  - 5889
2026-02-23 17:07:54 [DEBUG]  - 757
2026-02-23 17:07:54 [ERROR] Out of memory - 8877
2026-02-23 17:07:54 [CRITICAL]  - 1748
2026-02-23 17:07:54 [CRITICAL]  - 24507
2026-02-23 17:07:54 [DEBUG]  - 7713
2026-02-23 17:07:54 [WARNING]  - 6412
2026-02-23 17:07:54 [WARNING]  - 10971
2026-02-23 17:07:54 [INFO]  - 31015
2026-02-23 17:07:54 [CRITICAL]  - 10955
2026-02-23 17:07:54 [CRITICAL]  - 32643
2026-02-23 17:07:54 [WARNING]  - 4128
2026-02-23 17:07:54 [DEBUG]  - 22488
2026-02-23 17:07:54 [DEBUG]  - 25485
2026-02-23 17:07:54 [CRITICAL]  - 6911
2026-02-23 17:07:54 [ERROR] Segmentation fault - 7331
2026-02-23 17:07:54 [DEBUG]  - 25284
2026-02-23 17:07:54 [WARNING]  - 14918
2026-02-23 17:07:54 [CRITICAL]  - 13120
2026-02-23 17:07:54 [WARNING]  - 4624
2026-02-23 17:07:54 [WARNING]  - 29974
2026-02-23 17:07:54 [INFO]  - 31340
2026-02-23 17:07:54 [INFO]  - 28321
2026-02-23 17:07:54 [DEBUG]  - 4352
2026-02-23 17:07:54 [WARNING]  - 15174
2026-02-23 17:07:54 [ERROR] Out of memory - 21679
2026-02-23 17:07:54 [INFO]  - 22131
2026-02-23 17:07:54 [CRITICAL]  - 2818
2026-02-23 17:07:54 [WARNING]  - 10771
2026-02-23 17:07:54 [INFO]  - 23035
2026-02-23 17:07:54 [WARNING]  - 28187
2026-02-23 17:07:54 [CRITICAL]  - 26960
2026-02-23 17:07:54 [CRITICAL]  - 28660
2026-02-23 17:07:54 [CRITICAL]  - 14410
2026-02-23 17:07:54 [CRITICAL]  - 31404
2026-02-23 17:07:54 [CRITICAL]  - 16485
2026-02-23 17:07:54 [WARNING]  - 22666
2026-02-23 17:07:54 [CRITICAL]  - 32245
2026-02-23 17:07:54 [ERROR] Out of memory - 3998
2026-02-23 17:07:54 [DEBUG]  - 13622
2026-02-23 17:07:54 [INFO]  - 4891
2026-02-23 17:07:54 [INFO]  - 14348
2026-02-23 17:07:54 [DEBUG]  - 27011
2026-02-23 17:07:54 [ERROR] Segmentation fault - 4807
2026-02-23 17:07:54 [CRITICAL]  - 2128
2026-02-23 17:07:54 [CRITICAL]  - 19519
2026-02-23 17:07:54 [CRITICAL]  - 32667
2026-02-23 17:07:54 [DEBUG]  - 27196
2026-02-23 17:07:54 [DEBUG]  - 5772
2026-02-23 17:07:54 [WARNING]  - 27489
2026-02-23 17:07:54 [INFO]  - 21342
2026-02-23 17:07:54 [WARNING]  - 15751
2026-02-23 17:07:54 [CRITICAL]  - 5207
2026-02-23 17:07:54 [INFO]  - 7970
2026-02-23 17:07:54 [ERROR] Segmentation fault - 9043
2026-02-23 17:07:54 [DEBUG]  - 31025
2026-02-23 17:07:54 [CRITICAL]  - 21034
2026-02-23 17:07:54 [CRITICAL]  - 22488
2026-02-23 17:07:54 [WARNING]  - 28665
2026-02-23 17:07:54 [CRITICAL]  - 29879
2026-02-23 17:07:54 [ERROR] Failed to connect - 26354
2026-02-23 17:07:54 [WARNING]  - 20907
2026-02-23 17:07:54 [WARNING]  - 27686
2026-02-23 17:07:54 [CRITICAL]  - 11946
2026-02-23 17:07:54 [INFO]  - 1366
2026-02-23 17:07:54 [ERROR] Out of memory - 24491
2026-02-23 17:07:54 [DEBUG]  - 21962
2026-02-23 17:07:54 [INFO]  - 10115
2026-02-23 17:07:54 [CRITICAL]  - 20740
2026-02-23 17:07:54 [ERROR] Segmentation fault - 31263
2026-02-23 17:07:54 [ERROR] Failed to connect - 15224
2026-02-23 17:07:54 [ERROR] Out of memory - 21783
2026-02-23 17:07:54 [INFO]  - 1892
2026-02-23 17:07:54 [DEBUG]  - 19021
2026-02-23 17:07:54 [DEBUG]  - 17401
2026-02-23 17:07:55 [DEBUG]  - 19482
2026-02-23 17:07:55 [ERROR] Invalid input - 22087
2026-02-23 17:07:55 [ERROR] Segmentation fault - 27352
2026-02-23 17:07:55 [DEBUG]  - 17003
2026-02-23 17:07:55 [WARNING]  - 13033
2026-02-23 17:07:55 [WARNING]  - 29512
2026-02-23 17:07:55 [ERROR] Failed to connect - 9850
2026-02-23 17:07:55 [ERROR] Disk full - 6943
2026-02-23 17:07:55 [INFO]  - 26445
2026-02-23 17:07:55 [ERROR] Invalid input - 20313
2026-02-23 17:07:55 [INFO]  - 2759
2026-02-23 17:07:55 [ERROR] Segmentation fault - 13240
2026-02-23 17:07:55 [WARNING]  - 2554
2026-02-23 17:07:55 [CRITICAL]  - 26282
2026-02-23 17:07:55 [DEBUG]  - 4147
2026-02-23 17:07:55 [WARNING]  - 28369
2026-02-23 17:07:55 [CRITICAL]  - 22218
2026-02-23 17:07:55 [CRITICAL]  - 29622
2026-02-23 17:07:55 [DEBUG]  - 8252
2026-02-23 17:07:55 [DEBUG]  - 27093
2026-02-23 17:07:55 [ERROR] Failed to connect - 15455
2026-02-23 17:07:55 [INFO]  - 12187
2026-02-23 17:07:55 [INFO]  - 10265
2026-02-23 17:07:55 [ERROR] Disk full - 32136
2026-02-23 17:07:55 [DEBUG]  - 12135
2026-02-23 17:07:55 [ERROR] Out of memory - 18337
2026-02-23 17:07:55 [WARNING]  - 1155
2026-02-23 17:07:55 [INFO]  - 10533
2026-02-23 17:07:55 [CRITICAL]  - 7070
2026-02-23 17:07:55 [DEBUG]  - 12610
2026-02-23 17:07:55 [DEBUG]  - 17447
2026-02-23 17:07:55 [WARNING]  - 18027
2026-02-23 17:07:55 [INFO]  - 23625
2026-02-23 17:07:55 [ERROR] Invalid input - 29389
2026-02-23 17:07:55 [INFO]  - 30860
2026-02-23 17:07:55 [WARNING]  - 19036
2026-02-23 17:07:55 [INFO]  - 18866
2026-02-23 17:07:55 [CRITICAL]  - 8319
2026-02-23 17:07:55 [DEBUG]  - 16982
2026-02-23 17:07:55 [INFO]  - 16785
2026-02-23 17:07:55 [INFO]  - 13355
2026-02-23 17:07:55 [INFO]  - 17120
2026-02-23 17:07:55 [INFO]  - 8820
2026-02-23 17:07:55 [CRITICAL]  - 15270
2026-02-23 17:07:55 [ERROR] Segmentation fault - 23525
2026-02-23 17:07:55 [ERROR] Failed to connect - 25196
2026-02-23 17:07:55 [CRITICAL]  - 8709
2026-02-23 17:07:55 [ERROR] Failed to connect - 26722
2026-02-23 17:07:55 [WARNING]  - 15052
2026-02-23 17:07:55 [ERROR] Disk full - 30961
2026-02-23 17:07:55 [WARNING]  - 8791
2026-02-23 17:07:55 [WARNING]  - 28520
2026-02-23 17:07:55 [INFO]  - 2926
2026-02-23 17:07:55 [CRITICAL]  - 7426
2026-02-23 17:07:55 [ERROR] Out of memory - 2042
2026-02-23 17:07:55 [CRITICAL]  - 10948
2026-02-23 17:07:55 [INFO]  - 18705
2026-02-23 17:07:55 [CRITICAL]  - 26344
2026-02-23 17:07:55 [WARNING]  - 10118
2026-02-23 17:07:55 [CRITICAL]  - 32177
2026-02-23 17:07:55 [INFO]  - 15234
2026-02-23 17:07:55 [ERROR] Failed to connect - 30126
2026-02-23 17:07:55 [ERROR] Disk full - 2013
2026-02-23 17:07:55 [WARNING]  - 30558
2026-02-23 17:07:55 [CRITICAL]  - 28101
2026-02-23 17:07:55 [ERROR] Invalid input - 8623
2026-02-23 17:07:55 [WARNING]  - 10129
2026-02-23 17:07:55 [WARNING]  - 13018
2026-02-23 17:07:55 [WARNING]  - 18560
2026-02-23 17:07:55 [WARNING]  - 27140
2026-02-23 17:07:55 [DEBUG]  - 27792
2026-02-23 17:07:55 [CRITICAL]  - 29878
2026-02-23 17:07:55 [DEBUG]  - 9790
2026-02-23 17:07:55 [DEBUG]  - 6256
2026-02-23 17:07:55 [ERROR] Failed to connect - 3130
2026-02-23 17:07:55 [WARNING]  - 11367
2026-02-23 17:07:55 [ERROR] Segmentation fault - 19497
2026-02-23 17:07:55 [ERROR] Invalid input - 9848
2026-02-23 17:07:55 [INFO]  - 25386
2026-02-23 17:07:55 [INFO]  - 30587
2026-02-23 17:07:55 [INFO]  - 27246
2026-02-23 17:07:55 [DEBUG]  - 21620
2026-02-23 17:07:55 [INFO]  - 9337
